<?xml version="1.0" encoding="UTF-8"?>
<!-- Generated by org.testng.reporters.JUnitReportReporter -->
<testsuite hostname="LAPTOP-O6EL19C6" failures="0" tests="2" name="com.mystore.testcases.IndexPageTest" time="22.324" errors="0" timestamp="2021-12-21T12:46:51 IST" skipped="0">
  <testcase classname="com.mystore.testcases.IndexPageTest" name="verifyTitle" time="10.533"/>
  <system-out/>
  <testcase classname="com.mystore.testcases.IndexPageTest" name="verifyLogo" time="11.791"/>
  <system-out/>
</testsuite> <!-- com.mystore.testcases.IndexPageTest -->
