<?xml version="1.0" encoding="UTF-8"?>
<!-- Generated by org.testng.reporters.JUnitReportReporter -->
<testsuite hostname="LAPTOP-O6EL19C6" failures="0" tests="1" name="com.mystore.testcases.AddToCartTest" time="71.538" errors="0" timestamp="2021-12-21T12:46:51 IST" skipped="0">
  <testcase classname="com.mystore.testcases.AddToCartTest" name="addToCartTest" time="71.538"/>
  <system-out/>
</testsuite> <!-- com.mystore.testcases.AddToCartTest -->
