<?xml version="1.0" encoding="UTF-8"?>
<!-- Generated by org.testng.reporters.JUnitReportReporter -->
<testsuite hostname="LAPTOP-O6EL19C6" failures="0" tests="2" name="com.mystore.testcases.HomePageTest" time="91.924" errors="0" timestamp="2021-12-21T12:46:51 IST" skipped="0">
  <testcase classname="com.mystore.testcases.HomePageTest" name="orderHistoryandDetailsTest" time="47.549"/>
  <system-out/>
  <testcase classname="com.mystore.testcases.HomePageTest" name="wiishlistTest" time="44.375"/>
  <system-out/>
</testsuite> <!-- com.mystore.testcases.HomePageTest -->
