<?xml version="1.0" encoding="UTF-8"?>
<!-- Generated by org.testng.reporters.JUnitReportReporter -->
<testsuite hostname="LAPTOP-O6EL19C6" failures="0" tests="1" name="com.mystore.testcases.EndToEndTest" time="108.100" errors="0" timestamp="2021-12-21T12:46:51 IST" skipped="0">
  <testcase classname="com.mystore.testcases.EndToEndTest" name="verifyTotalPrice" time="108.100"/>
  <system-out/>
</testsuite> <!-- com.mystore.testcases.EndToEndTest -->
